This is pdfTeX, Version 3.1415926-2.4-1.40.13 (TeX Live 2012) (format=pdflatex 2012.6.30)  27 JUN 2017 17:16
entering extended mode
 restricted \write18 enabled.
 %&-line parsing enabled.
**cdm.tex
(./cdm.tex
LaTeX2e <2011/06/27>
Babel <v3.8m> and hyphenation patterns for english, dumylang, nohyphenation, ge
rman-x-2012-05-30, ngerman-x-2012-05-30, afrikaans, ancientgreek, ibycus, arabi
c, armenian, basque, bulgarian, catalan, pinyin, coptic, croatian, czech, danis
h, dutch, ukenglish, usenglishmax, esperanto, estonian, ethiopic, farsi, finnis
h, french, friulan, galician, german, ngerman, swissgerman, monogreek, greek, h
ungarian, icelandic, assamese, bengali, gujarati, hindi, kannada, malayalam, ma
rathi, oriya, panjabi, tamil, telugu, indonesian, interlingua, irish, italian, 
kurmanji, latin, latvian, lithuanian, mongolian, mongolianlmc, bokmal, nynorsk,
 polish, portuguese, romanian, romansh, russian, sanskrit, serbian, serbianc, s
lovak, slovenian, spanish, swedish, turkish, turkmen, ukrainian, uppersorbian, 
welsh, loaded.
(/usr/local/texlive/2012/texmf-dist/tex/latex/base/article.cls
Document Class: article 2007/10/19 v1.4h Standard LaTeX document class
(/usr/local/texlive/2012/texmf-dist/tex/latex/base/size10.clo
File: size10.clo 2007/10/19 v1.4h Standard LaTeX file (size option)
)
\c@part=\count79
\c@section=\count80
\c@subsection=\count81
\c@subsubsection=\count82
\c@paragraph=\count83
\c@subparagraph=\count84
\c@figure=\count85
\c@table=\count86
\abovecaptionskip=\skip41
\belowcaptionskip=\skip42
\bibindent=\dimen102
)
(/usr/local/texlive/2012/texmf-dist/tex/latex/pgfplots/pgfplotstable.sty
Package: pgfplotstable 2011/12/19 Part of pgfplots

(/usr/local/texlive/2012/texmf-dist/tex/latex/pgfplots/pgfplots.sty
(/usr/local/texlive/2012/texmf-dist/tex/generic/pgfplots/pgfplots.revision.tex)
Package: pgfplots 2011/12/29 v1.5.1 (git show 1.5.1-4-g53e640f )
(/usr/local/texlive/2012/texmf-dist/tex/latex/pgf/frontendlayer/tikz.sty
(/usr/local/texlive/2012/texmf-dist/tex/latex/pgf/basiclayer/pgf.sty
(/usr/local/texlive/2012/texmf-dist/tex/latex/pgf/utilities/pgfrcs.sty
(/usr/local/texlive/2012/texmf-dist/tex/generic/pgf/utilities/pgfutil-common.te
x
\pgfutil@everybye=\toks14
)
(/usr/local/texlive/2012/texmf-dist/tex/generic/pgf/utilities/pgfutil-latex.def
\pgfutil@abb=\box26
(/usr/local/texlive/2012/texmf-dist/tex/latex/ms/everyshi.sty
Package: everyshi 2001/05/15 v3.00 EveryShipout Package (MS)
))
(/usr/local/texlive/2012/texmf-dist/tex/generic/pgf/utilities/pgfrcs.code.tex
Package: pgfrcs 2010/10/25 v2.10 (rcs-revision 1.24)
))
Package: pgf 2008/01/15 v2.10 (rcs-revision 1.12)
(/usr/local/texlive/2012/texmf-dist/tex/latex/pgf/basiclayer/pgfcore.sty
(/usr/local/texlive/2012/texmf-dist/tex/latex/graphics/graphicx.sty
Package: graphicx 1999/02/16 v1.0f Enhanced LaTeX Graphics (DPC,SPQR)

(/usr/local/texlive/2012/texmf-dist/tex/latex/graphics/keyval.sty
Package: keyval 1999/03/16 v1.13 key=value parser (DPC)
\KV@toks@=\toks15
)
(/usr/local/texlive/2012/texmf-dist/tex/latex/graphics/graphics.sty
Package: graphics 2009/02/05 v1.0o Standard LaTeX Graphics (DPC,SPQR)

(/usr/local/texlive/2012/texmf-dist/tex/latex/graphics/trig.sty
Package: trig 1999/03/16 v1.09 sin cos tan (DPC)
)
(/usr/local/texlive/2012/texmf-dist/tex/latex/latexconfig/graphics.cfg
File: graphics.cfg 2010/04/23 v1.9 graphics configuration of TeX Live
)
Package graphics Info: Driver file: pdftex.def on input line 91.

(/usr/local/texlive/2012/texmf-dist/tex/latex/pdftex-def/pdftex.def
File: pdftex.def 2011/05/27 v0.06d Graphics/color for pdfTeX

(/usr/local/texlive/2012/texmf-dist/tex/generic/oberdiek/infwarerr.sty
Package: infwarerr 2010/04/08 v1.3 Providing info/warning/error messages (HO)
)
(/usr/local/texlive/2012/texmf-dist/tex/generic/oberdiek/ltxcmds.sty
Package: ltxcmds 2011/11/09 v1.22 LaTeX kernel commands for general use (HO)
)
\Gread@gobject=\count87
))
\Gin@req@height=\dimen103
\Gin@req@width=\dimen104
)
(/usr/local/texlive/2012/texmf-dist/tex/latex/pgf/systemlayer/pgfsys.sty
(/usr/local/texlive/2012/texmf-dist/tex/generic/pgf/systemlayer/pgfsys.code.tex
Package: pgfsys 2010/06/30 v2.10 (rcs-revision 1.37)
(/usr/local/texlive/2012/texmf-dist/tex/generic/pgf/utilities/pgfkeys.code.tex
\pgfkeys@pathtoks=\toks16
\pgfkeys@temptoks=\toks17

(/usr/local/texlive/2012/texmf-dist/tex/generic/pgf/utilities/pgfkeysfiltered.c
ode.tex
\pgfkeys@tmptoks=\toks18
))
\pgf@x=\dimen105
\pgf@y=\dimen106
\pgf@xa=\dimen107
\pgf@ya=\dimen108
\pgf@xb=\dimen109
\pgf@yb=\dimen110
\pgf@xc=\dimen111
\pgf@yc=\dimen112
\w@pgf@writea=\write3
\r@pgf@reada=\read1
\c@pgf@counta=\count88
\c@pgf@countb=\count89
\c@pgf@countc=\count90
\c@pgf@countd=\count91

(/usr/local/texlive/2012/texmf-dist/tex/generic/pgf/systemlayer/pgf.cfg
File: pgf.cfg 2008/05/14  (rcs-revision 1.7)
)
Package pgfsys Info: Driver file for pgf: pgfsys-pdftex.def on input line 900.

(/usr/local/texlive/2012/texmf-dist/tex/generic/pgf/systemlayer/pgfsys-pdftex.d
ef
File: pgfsys-pdftex.def 2009/05/22  (rcs-revision 1.26)

(/usr/local/texlive/2012/texmf-dist/tex/generic/pgf/systemlayer/pgfsys-common-p
df.def
File: pgfsys-common-pdf.def 2008/05/19  (rcs-revision 1.10)
)))
(/usr/local/texlive/2012/texmf-dist/tex/generic/pgf/systemlayer/pgfsyssoftpath.
code.tex
File: pgfsyssoftpath.code.tex 2008/07/18  (rcs-revision 1.7)
\pgfsyssoftpath@smallbuffer@items=\count92
\pgfsyssoftpath@bigbuffer@items=\count93
)
(/usr/local/texlive/2012/texmf-dist/tex/generic/pgf/systemlayer/pgfsysprotocol.
code.tex
File: pgfsysprotocol.code.tex 2006/10/16  (rcs-revision 1.4)
)) (/usr/local/texlive/2012/texmf-dist/tex/latex/xcolor/xcolor.sty
Package: xcolor 2007/01/21 v2.11 LaTeX color extensions (UK)

(/usr/local/texlive/2012/texmf-dist/tex/latex/latexconfig/color.cfg
File: color.cfg 2007/01/18 v1.5 color configuration of teTeX/TeXLive
)
Package xcolor Info: Driver file: pdftex.def on input line 225.
Package xcolor Info: Model `cmy' substituted by `cmy0' on input line 1337.
Package xcolor Info: Model `hsb' substituted by `rgb' on input line 1341.
Package xcolor Info: Model `RGB' extended on input line 1353.
Package xcolor Info: Model `HTML' substituted by `rgb' on input line 1355.
Package xcolor Info: Model `Hsb' substituted by `hsb' on input line 1356.
Package xcolor Info: Model `tHsb' substituted by `hsb' on input line 1357.
Package xcolor Info: Model `HSB' substituted by `hsb' on input line 1358.
Package xcolor Info: Model `Gray' substituted by `gray' on input line 1359.
Package xcolor Info: Model `wave' substituted by `hsb' on input line 1360.
)
(/usr/local/texlive/2012/texmf-dist/tex/generic/pgf/basiclayer/pgfcore.code.tex
Package: pgfcore 2010/04/11 v2.10 (rcs-revision 1.7)
(/usr/local/texlive/2012/texmf-dist/tex/generic/pgf/math/pgfmath.code.tex
(/usr/local/texlive/2012/texmf-dist/tex/generic/pgf/math/pgfmathcalc.code.tex
(/usr/local/texlive/2012/texmf-dist/tex/generic/pgf/math/pgfmathutil.code.tex)
(/usr/local/texlive/2012/texmf-dist/tex/generic/pgf/math/pgfmathparser.code.tex
\pgfmath@dimen=\dimen113
\pgfmath@count=\count94
\pgfmath@box=\box27
\pgfmath@toks=\toks19
\pgfmath@stack@operand=\toks20
\pgfmath@stack@operation=\toks21
)
(/usr/local/texlive/2012/texmf-dist/tex/generic/pgf/math/pgfmathfunctions.code.
tex
(/usr/local/texlive/2012/texmf-dist/tex/generic/pgf/math/pgfmathfunctions.basic
.code.tex)
(/usr/local/texlive/2012/texmf-dist/tex/generic/pgf/math/pgfmathfunctions.trigo
nometric.code.tex)
(/usr/local/texlive/2012/texmf-dist/tex/generic/pgf/math/pgfmathfunctions.rando
m.code.tex)
(/usr/local/texlive/2012/texmf-dist/tex/generic/pgf/math/pgfmathfunctions.compa
rison.code.tex)
(/usr/local/texlive/2012/texmf-dist/tex/generic/pgf/math/pgfmathfunctions.base.
code.tex)
(/usr/local/texlive/2012/texmf-dist/tex/generic/pgf/math/pgfmathfunctions.round
.code.tex)
(/usr/local/texlive/2012/texmf-dist/tex/generic/pgf/math/pgfmathfunctions.misc.
code.tex)))
(/usr/local/texlive/2012/texmf-dist/tex/generic/pgf/math/pgfmathfloat.code.tex
\c@pgfmathroundto@lastzeros=\count95
))
(/usr/local/texlive/2012/texmf-dist/tex/generic/pgf/basiclayer/pgfcorepoints.co
de.tex
File: pgfcorepoints.code.tex 2010/04/09  (rcs-revision 1.20)
\pgf@picminx=\dimen114
\pgf@picmaxx=\dimen115
\pgf@picminy=\dimen116
\pgf@picmaxy=\dimen117
\pgf@pathminx=\dimen118
\pgf@pathmaxx=\dimen119
\pgf@pathminy=\dimen120
\pgf@pathmaxy=\dimen121
\pgf@xx=\dimen122
\pgf@xy=\dimen123
\pgf@yx=\dimen124
\pgf@yy=\dimen125
\pgf@zx=\dimen126
\pgf@zy=\dimen127
)
(/usr/local/texlive/2012/texmf-dist/tex/generic/pgf/basiclayer/pgfcorepathconst
ruct.code.tex
File: pgfcorepathconstruct.code.tex 2010/08/03  (rcs-revision 1.24)
\pgf@path@lastx=\dimen128
\pgf@path@lasty=\dimen129
)
(/usr/local/texlive/2012/texmf-dist/tex/generic/pgf/basiclayer/pgfcorepathusage
.code.tex
File: pgfcorepathusage.code.tex 2008/04/22  (rcs-revision 1.12)
\pgf@shorten@end@additional=\dimen130
\pgf@shorten@start@additional=\dimen131
)
(/usr/local/texlive/2012/texmf-dist/tex/generic/pgf/basiclayer/pgfcorescopes.co
de.tex
File: pgfcorescopes.code.tex 2010/09/08  (rcs-revision 1.34)
\pgfpic=\box28
\pgf@hbox=\box29
\pgf@layerbox@main=\box30
\pgf@picture@serial@count=\count96
)
(/usr/local/texlive/2012/texmf-dist/tex/generic/pgf/basiclayer/pgfcoregraphicst
ate.code.tex
File: pgfcoregraphicstate.code.tex 2008/04/22  (rcs-revision 1.9)
\pgflinewidth=\dimen132
)
(/usr/local/texlive/2012/texmf-dist/tex/generic/pgf/basiclayer/pgfcoretransform
ations.code.tex
File: pgfcoretransformations.code.tex 2009/06/10  (rcs-revision 1.11)
\pgf@pt@x=\dimen133
\pgf@pt@y=\dimen134
\pgf@pt@temp=\dimen135
)
(/usr/local/texlive/2012/texmf-dist/tex/generic/pgf/basiclayer/pgfcorequick.cod
e.tex
File: pgfcorequick.code.tex 2008/10/09  (rcs-revision 1.3)
)
(/usr/local/texlive/2012/texmf-dist/tex/generic/pgf/basiclayer/pgfcoreobjects.c
ode.tex
File: pgfcoreobjects.code.tex 2006/10/11  (rcs-revision 1.2)
)
(/usr/local/texlive/2012/texmf-dist/tex/generic/pgf/basiclayer/pgfcorepathproce
ssing.code.tex
File: pgfcorepathprocessing.code.tex 2008/10/09  (rcs-revision 1.8)
)
(/usr/local/texlive/2012/texmf-dist/tex/generic/pgf/basiclayer/pgfcorearrows.co
de.tex
File: pgfcorearrows.code.tex 2008/04/23  (rcs-revision 1.11)
)
(/usr/local/texlive/2012/texmf-dist/tex/generic/pgf/basiclayer/pgfcoreshade.cod
e.tex
File: pgfcoreshade.code.tex 2008/11/23  (rcs-revision 1.13)
\pgf@max=\dimen136
\pgf@sys@shading@range@num=\count97
)
(/usr/local/texlive/2012/texmf-dist/tex/generic/pgf/basiclayer/pgfcoreimage.cod
e.tex
File: pgfcoreimage.code.tex 2010/03/25  (rcs-revision 1.16)

(/usr/local/texlive/2012/texmf-dist/tex/generic/pgf/basiclayer/pgfcoreexternal.
code.tex
File: pgfcoreexternal.code.tex 2010/09/01  (rcs-revision 1.17)
\pgfexternal@startupbox=\box31
))
(/usr/local/texlive/2012/texmf-dist/tex/generic/pgf/basiclayer/pgfcorelayers.co
de.tex
File: pgfcorelayers.code.tex 2010/08/27  (rcs-revision 1.2)
)
(/usr/local/texlive/2012/texmf-dist/tex/generic/pgf/basiclayer/pgfcoretranspare
ncy.code.tex
File: pgfcoretransparency.code.tex 2008/01/17  (rcs-revision 1.2)
)
(/usr/local/texlive/2012/texmf-dist/tex/generic/pgf/basiclayer/pgfcorepatterns.
code.tex
File: pgfcorepatterns.code.tex 2009/07/02  (rcs-revision 1.3)
)))
(/usr/local/texlive/2012/texmf-dist/tex/generic/pgf/modules/pgfmoduleshapes.cod
e.tex
File: pgfmoduleshapes.code.tex 2010/09/09  (rcs-revision 1.13)
\pgfnodeparttextbox=\box32
)
(/usr/local/texlive/2012/texmf-dist/tex/generic/pgf/modules/pgfmoduleplot.code.
tex
File: pgfmoduleplot.code.tex 2010/10/22  (rcs-revision 1.8)
)
(/usr/local/texlive/2012/texmf-dist/tex/latex/pgf/compatibility/pgfcomp-version
-0-65.sty
Package: pgfcomp-version-0-65 2007/07/03 v2.10 (rcs-revision 1.7)
\pgf@nodesepstart=\dimen137
\pgf@nodesepend=\dimen138
)
(/usr/local/texlive/2012/texmf-dist/tex/latex/pgf/compatibility/pgfcomp-version
-1-18.sty
Package: pgfcomp-version-1-18 2007/07/23 v2.10 (rcs-revision 1.1)
))
(/usr/local/texlive/2012/texmf-dist/tex/latex/pgf/utilities/pgffor.sty
(/usr/local/texlive/2012/texmf-dist/tex/latex/pgf/utilities/pgfkeys.sty
(/usr/local/texlive/2012/texmf-dist/tex/generic/pgf/utilities/pgfkeys.code.tex)
) (/usr/local/texlive/2012/texmf-dist/tex/generic/pgf/utilities/pgffor.code.tex
Package: pgffor 2010/03/23 v2.10 (rcs-revision 1.18)
\pgffor@iter=\dimen139
\pgffor@skip=\dimen140
\pgffor@stack=\toks22
\pgffor@toks=\toks23
))
(/usr/local/texlive/2012/texmf-dist/tex/generic/pgf/frontendlayer/tikz/tikz.cod
e.tex
Package: tikz 2010/10/13 v2.10 (rcs-revision 1.76)

(/usr/local/texlive/2012/texmf-dist/tex/generic/pgf/libraries/pgflibraryplothan
dlers.code.tex
File: pgflibraryplothandlers.code.tex 2010/05/31 v2.10 (rcs-revision 1.15)
\pgf@plot@mark@count=\count98
\pgfplotmarksize=\dimen141
)
\tikz@lastx=\dimen142
\tikz@lasty=\dimen143
\tikz@lastxsaved=\dimen144
\tikz@lastysaved=\dimen145
\tikzleveldistance=\dimen146
\tikzsiblingdistance=\dimen147
\tikz@figbox=\box33
\tikz@tempbox=\box34
\tikztreelevel=\count99
\tikznumberofchildren=\count100
\tikznumberofcurrentchild=\count101
\tikz@fig@count=\count102

(/usr/local/texlive/2012/texmf-dist/tex/generic/pgf/modules/pgfmodulematrix.cod
e.tex
File: pgfmodulematrix.code.tex 2010/08/24  (rcs-revision 1.4)
\pgfmatrixcurrentrow=\count103
\pgfmatrixcurrentcolumn=\count104
\pgf@matrix@numberofcolumns=\count105
)
\tikz@expandcount=\count106

(/usr/local/texlive/2012/texmf-dist/tex/generic/pgf/frontendlayer/tikz/librarie
s/tikzlibrarytopaths.code.tex
File: tikzlibrarytopaths.code.tex 2008/06/17 v2.10 (rcs-revision 1.2)
)))
(/usr/local/texlive/2012/texmf-dist/tex/generic/pgfplots/pgfplots.code.tex
(/usr/local/texlive/2012/texmf-dist/tex/generic/pgfplots/pgfplotscore.code.tex
\t@pgfplots@toka=\toks24
\t@pgfplots@tokb=\toks25
\t@pgfplots@tokc=\toks26
\pgfplots@tmpa=\dimen148
\c@pgfplots@coordindex=\count107
\c@pgfplots@scanlineindex=\count108

(/usr/local/texlive/2012/texmf-dist/tex/generic/pgfplots/sys/pgfplotssysgeneric
.code.tex))
(/usr/local/texlive/2012/texmf-dist/tex/generic/pgfplots/libs/pgfplotslibrary.c
ode.tex)
(/usr/local/texlive/2012/texmf-dist/tex/generic/pgfplots/oldpgfcompatib/pgfplot
soldpgfsupp_loader.code.tex
Package pgfplots: loading complementary code for your PGF version...

(/usr/local/texlive/2012/texmf-dist/tex/generic/pgfplots/oldpgfcompatib/pgfplot
soldpgfsupp_misc.code.tex)
(/usr/local/texlive/2012/texmf-dist/tex/generic/pgfplots/oldpgfcompatib/pgfplot
soldpgfsupp_pgfkeys.code.tex
\pgfkeys@pathtoks=\toks27
\pgfkeys@temptoks=\toks28

(/usr/local/texlive/2012/texmf-dist/tex/generic/pgfplots/oldpgfcompatib/pgfplot
soldpgfsupp_pgfkeysfiltered.code.tex
\pgfkeys@tmptoks=\toks29
))
(/usr/local/texlive/2012/texmf-dist/tex/generic/pgfplots/oldpgfcompatib/pgfplot
soldpgfsupp_pgfmathfloat.code.tex
\c@pgfmathroundto@lastzeros=\count109
)
(/usr/local/texlive/2012/texmf-dist/tex/generic/pgfplots/oldpgfcompatib/pgfplot
soldpgfsupp_pgflibraryplothandlers.code.tex
File: pgflibraryplothandlers.code.tex 2011/12/28 v2.10 (rcs-revision 1.16)
\pgf@plot@mark@count=\count110
\pgfplotmarksize=\dimen149
)
(/usr/local/texlive/2012/texmf-dist/tex/generic/pgfplots/oldpgfcompatib/pgfplot
soldpgfsupp_pgflibraryfpu.code.tex))
(/usr/local/texlive/2012/texmf-dist/tex/generic/pgfplots/util/pgfplotsutil.code
.tex
(/usr/local/texlive/2012/texmf-dist/tex/generic/pgfplots/liststructure/pgfplots
liststructure.code.tex)
(/usr/local/texlive/2012/texmf-dist/tex/generic/pgfplots/liststructure/pgfplots
liststructureext.code.tex)
(/usr/local/texlive/2012/texmf-dist/tex/generic/pgfplots/liststructure/pgfplots
array.code.tex
\c@pgfplotsarray@tmp=\count111
)
(/usr/local/texlive/2012/texmf-dist/tex/generic/pgfplots/liststructure/pgfplots
matrix.code.tex)
(/usr/local/texlive/2012/texmf-dist/tex/generic/pgfplots/numtable/pgfplotstable
shared.code.tex
\c@pgfplotstable@counta=\count112
\t@pgfplotstable@a=\toks30
)
(/usr/local/texlive/2012/texmf-dist/tex/generic/pgfplots/liststructure/pgfplots
deque.code.tex)
(/usr/local/texlive/2012/texmf-dist/tex/generic/pgfplots/util/pgfplotsbinary.co
de.tex)
(/usr/local/texlive/2012/texmf-dist/tex/generic/pgfplots/util/pgfplotsutil.verb
.code.tex)
(/usr/local/texlive/2012/texmf-dist/tex/generic/pgfplots/libs/pgflibrarypgfplot
s.surfshading.code.tex
\c@pgfplotslibrarysurf@no=\count113

(/usr/local/texlive/2012/texmf-dist/tex/generic/pgfplots/sys/pgflibrarypgfplots
.surfshading.pgfsys-pdftex.def)))
(/usr/local/texlive/2012/texmf-dist/tex/generic/pgfplots/util/pgfplotscolormap.
code.tex)
(/usr/local/texlive/2012/texmf-dist/tex/generic/pgfplots/pgfplotsstackedplots.c
ode.tex)
(/usr/local/texlive/2012/texmf-dist/tex/generic/pgfplots/pgfplotsplothandlers.c
ode.tex
(/usr/local/texlive/2012/texmf-dist/tex/generic/pgfplots/pgfplotsmeshplothandle
r.code.tex))
(/usr/local/texlive/2012/texmf-dist/tex/generic/pgfplots/pgfplotscoordprocessin
g.code.tex)
(/usr/local/texlive/2012/texmf-dist/tex/generic/pgfplots/pgfplotsticks.code.tex
)
(/usr/local/texlive/2012/texmf-dist/tex/generic/pgfplots/pgfplots.paths.code.te
x)
(/usr/local/texlive/2012/texmf-dist/tex/generic/pgf/frontendlayer/tikz/librarie
s/tikzlibrarydecorations.code.tex
(/usr/local/texlive/2012/texmf-dist/tex/generic/pgf/modules/pgfmoduledecoration
s.code.tex
\pgfdecoratedcompleteddistance=\dimen150
\pgfdecoratedremainingdistance=\dimen151
\pgfdecoratedinputsegmentcompleteddistance=\dimen152
\pgfdecoratedinputsegmentremainingdistance=\dimen153
\pgf@decorate@distancetomove=\dimen154
\pgf@decorate@repeatstate=\count114
\pgfdecorationsegmentamplitude=\dimen155
\pgfdecorationsegmentlength=\dimen156
)
\tikz@lib@dec@box=\box35
)
(/usr/local/texlive/2012/texmf-dist/tex/generic/pgf/frontendlayer/tikz/librarie
s/tikzlibrarydecorations.pathmorphing.code.tex
(/usr/local/texlive/2012/texmf-dist/tex/generic/pgf/libraries/decorations/pgfli
brarydecorations.pathmorphing.code.tex))
(/usr/local/texlive/2012/texmf-dist/tex/generic/pgf/frontendlayer/tikz/librarie
s/tikzlibrarydecorations.pathreplacing.code.tex
(/usr/local/texlive/2012/texmf-dist/tex/generic/pgf/libraries/decorations/pgfli
brarydecorations.pathreplacing.code.tex))
\pgfplots@numplots=\count115
\pgfplots@xmin@reg=\dimen157
\pgfplots@xmax@reg=\dimen158
\pgfplots@ymin@reg=\dimen159
\pgfplots@ymax@reg=\dimen160
\pgfplots@zmin@reg=\dimen161
\pgfplots@zmax@reg=\dimen162
)
(/usr/local/texlive/2012/texmf-dist/tex/generic/pgf/frontendlayer/tikz/librarie
s/tikzlibraryplotmarks.code.tex
File: tikzlibraryplotmarks.code.tex 2008/01/09 v2.10 (rcs-revision 1.1)

(/usr/local/texlive/2012/texmf-dist/tex/generic/pgf/libraries/pgflibraryplotmar
ks.code.tex
File: pgflibraryplotmarks.code.tex 2010/10/15 v2.10 (rcs-revision 1.12)
)))
(/usr/local/texlive/2012/texmf-dist/tex/generic/pgfplots/numtable/pgfplotstable
.code.tex
(/usr/local/texlive/2012/texmf-dist/tex/generic/pgfplots/numtable/pgfplotstable
.coltype.code.tex))
(/usr/local/texlive/2012/texmf-dist/tex/latex/tools/array.sty
Package: array 2008/09/09 v2.4c Tabular extension package (FMi)
\col@sep=\dimen163
\extrarowheight=\dimen164
\NC@list=\toks31
\extratabsurround=\skip43
\backup@length=\skip44
))
(/usr/local/texlive/2012/texmf-dist/tex/latex/tools/longtable.sty
Package: longtable 2004/02/01 v4.11 Multi-page Table package (DPC)
\LTleft=\skip45
\LTright=\skip46
\LTpre=\skip47
\LTpost=\skip48
\LTchunksize=\count116
\LTcapwidth=\dimen165
\LT@head=\box36
\LT@firsthead=\box37
\LT@foot=\box38
\LT@lastfoot=\box39
\LT@cols=\count117
\LT@rows=\count118
\c@LT@tables=\count119
\c@LT@chunks=\count120
\LT@p@ftn=\toks32
)
(/usr/local/texlive/2012/texmf-dist/tex/latex/varwidth/varwidth.sty
Package: varwidth 2009/03/30 ver 0.92;  Variable-width minipages
\@vwid@box=\box40
\sift@deathcycles=\count121
\@vwid@loff=\dimen166
\@vwid@roff=\dimen167
)
(/usr/local/texlive/2012/texmf-dist/tex/latex/graphics/lscape.sty
Package: lscape 2000/10/22 v3.01 Landscape Pages (DPC)
)
(/usr/local/texlive/2012/texmf-dist/tex/latex/geometry/geometry.sty
Package: geometry 2010/09/12 v5.6 Page Geometry

(/usr/local/texlive/2012/texmf-dist/tex/generic/oberdiek/ifpdf.sty
Package: ifpdf 2011/01/30 v2.3 Provides the ifpdf switch (HO)
Package ifpdf Info: pdfTeX in PDF mode is detected.
)
(/usr/local/texlive/2012/texmf-dist/tex/generic/oberdiek/ifvtex.sty
Package: ifvtex 2010/03/01 v1.5 Detect VTeX and its facilities (HO)
Package ifvtex Info: VTeX not detected.
)
(/usr/local/texlive/2012/texmf-dist/tex/generic/ifxetex/ifxetex.sty
Package: ifxetex 2010/09/12 v0.6 Provides ifxetex conditional
)
\Gm@cnth=\count122
\Gm@cntv=\count123
\c@Gm@tempcnt=\count124
\Gm@bindingoffset=\dimen168
\Gm@wd@mp=\dimen169
\Gm@odd@mp=\dimen170
\Gm@even@mp=\dimen171
\Gm@layoutwidth=\dimen172
\Gm@layoutheight=\dimen173
\Gm@layouthoffset=\dimen174
\Gm@layoutvoffset=\dimen175
\Gm@dimlist=\toks33
)
(./cdm.aux (./application_area.aux) (./automation_status.aux

LaTeX Warning: Label `tab:DataTable' multiply defined.

) (./calibration_status.aux

LaTeX Warning: Label `tab:DataTable' multiply defined.

) (./communication_method.aux

LaTeX Warning: Label `tab:DataTable' multiply defined.

) (./conversion_factor.aux

LaTeX Warning: Label `tab:DataTable' multiply defined.

) (./data_policy_licence.aux

LaTeX Warning: Label `tab:DataTable' multiply defined.

) (./duplicate_status.aux

LaTeX Warning: Label `tab:DataTable' multiply defined.

) (./events_at_station.aux

LaTeX Warning: Label `tab:DataTable' multiply defined.

) (./id_scheme.aux

LaTeX Warning: Label `tab:DataTable' multiply defined.

) (./instrument_exposure_quality.aux

LaTeX Warning: Label `tab:DataTable' multiply defined.

) (./location_method.aux

LaTeX Warning: Label `tab:DataTable' multiply defined.

))
\openout1 = `cdm.aux'.

LaTeX Font Info:    Checking defaults for OML/cmm/m/it on input line 8.
LaTeX Font Info:    ... okay on input line 8.
LaTeX Font Info:    Checking defaults for T1/cmr/m/n on input line 8.
LaTeX Font Info:    ... okay on input line 8.
LaTeX Font Info:    Checking defaults for OT1/cmr/m/n on input line 8.
LaTeX Font Info:    ... okay on input line 8.
LaTeX Font Info:    Checking defaults for OMS/cmsy/m/n on input line 8.
LaTeX Font Info:    ... okay on input line 8.
LaTeX Font Info:    Checking defaults for OMX/cmex/m/n on input line 8.
LaTeX Font Info:    ... okay on input line 8.
LaTeX Font Info:    Checking defaults for U/cmr/m/n on input line 8.
LaTeX Font Info:    ... okay on input line 8.
 ABD: EveryShipout initializing macros
(/usr/local/texlive/2012/texmf-dist/tex/context/base/supp-pdf.mkii
[Loading MPS to PDF converter (version 2006.09.02).]
\scratchcounter=\count125
\scratchdimen=\dimen176
\scratchbox=\box41
\nofMPsegments=\count126
\nofMParguments=\count127
\everyMPshowfont=\toks34
\MPscratchCnt=\count128
\MPscratchDim=\dimen177
\MPnumerator=\count129
\makeMPintoPDFobject=\count130
\everyMPtoPDFconversion=\toks35
) (/usr/local/texlive/2012/texmf-dist/tex/generic/oberdiek/pdftexcmds.sty
Package: pdftexcmds 2011/11/29 v0.20 Utility functions of pdfTeX for LuaTeX (HO
)

(/usr/local/texlive/2012/texmf-dist/tex/generic/oberdiek/ifluatex.sty
Package: ifluatex 2010/03/01 v1.3 Provides the ifluatex switch (HO)
Package ifluatex Info: LuaTeX not detected.
)
Package pdftexcmds Info: LuaTeX not detected.
Package pdftexcmds Info: \pdf@primitive is available.
Package pdftexcmds Info: \pdf@ifprimitive is available.
Package pdftexcmds Info: \pdfdraftmode found.
)
(/usr/local/texlive/2012/texmf-dist/tex/latex/oberdiek/epstopdf-base.sty
Package: epstopdf-base 2010/02/09 v2.5 Base part for package epstopdf

(/usr/local/texlive/2012/texmf-dist/tex/latex/oberdiek/grfext.sty
Package: grfext 2010/08/19 v1.1 Manage graphics extensions (HO)

(/usr/local/texlive/2012/texmf-dist/tex/generic/oberdiek/kvdefinekeys.sty
Package: kvdefinekeys 2011/04/07 v1.3 Define keys (HO)
))
(/usr/local/texlive/2012/texmf-dist/tex/latex/oberdiek/kvoptions.sty
Package: kvoptions 2011/06/30 v3.11 Key value format for package options (HO)

(/usr/local/texlive/2012/texmf-dist/tex/generic/oberdiek/kvsetkeys.sty
Package: kvsetkeys 2012/04/25 v1.16 Key value parser (HO)

(/usr/local/texlive/2012/texmf-dist/tex/generic/oberdiek/etexcmds.sty
Package: etexcmds 2011/02/16 v1.5 Avoid name clashes with e-TeX commands (HO)
Package etexcmds Info: Could not find \expanded.
(etexcmds)             That can mean that you are not using pdfTeX 1.50 or
(etexcmds)             that some package has redefined \expanded.
(etexcmds)             In the latter case, load this package earlier.
)))
Package grfext Info: Graphics extension search list:
(grfext)             [.png,.pdf,.jpg,.mps,.jpeg,.jbig2,.jb2,.PNG,.PDF,.JPG,.JPE
G,.JBIG2,.JB2,.eps]
(grfext)             \AppendGraphicsExtensions on input line 452.

(/usr/local/texlive/2012/texmf-dist/tex/latex/latexconfig/epstopdf-sys.cfg
File: epstopdf-sys.cfg 2010/07/13 v1.3 Configuration of (r)epstopdf for TeX Liv
e
))
*geometry* driver: auto-detecting
*geometry* detected driver: pdftex
*geometry* verbose mode - [ preamble ] result:
* driver: pdftex
* paper: a4paper
* layout: <same size as paper>
* layoutoffset:(h,v)=(0.0pt,0.0pt)
* modes: 
* h-part:(L,W,R)=(89.62709pt, 418.25368pt, 89.6271pt)
* v-part:(T,H,B)=(56.9055pt, 731.23584pt, 56.9055pt)
* \paperwidth=597.50787pt
* \paperheight=845.04684pt
* \textwidth=418.25368pt
* \textheight=731.23584pt
* \oddsidemargin=17.3571pt
* \evensidemargin=17.3571pt
* \topmargin=-52.36449pt
* \headheight=12.0pt
* \headsep=25.0pt
* \topskip=10.0pt
* \footskip=30.0pt
* \marginparwidth=57.0pt
* \marginparsep=11.0pt
* \columnsep=10.0pt
* \skip\footins=9.0pt plus 4.0pt minus 2.0pt
* \hoffset=0.0pt
* \voffset=0.0pt
* \mag=1000
* \@twocolumnfalse
* \@twosidefalse
* \@mparswitchfalse
* \@reversemarginfalse
* (1in=72.27pt=25.4mm, 1cm=28.453pt)

(./cdm.lot
LaTeX Font Info:    External font `cmex10' loaded for size
(Font)              <7> on input line 1.
LaTeX Font Info:    External font `cmex10' loaded for size
(Font)              <5> on input line 1.
)
\tf@lot=\write4
\openout4 = `cdm.lot'.

 [1

{/usr/local/texlive/2012/texmf-var/fonts/map/pdftex/updmap/pdftex.map}]
\openout2 = `application_area.aux'.

 (./application_area.tex
PGFPlots: reading {/Users/dyb/Documents/Projects/C3S_311a_Lot2/WP2/CDM/github/t
ables/application_area.csv}

Underfull \hbox (badness 1460) in paragraph at lines 41--41
[]\OT1/cmr/m/n/10 1|  
 []


Underfull \hbox (badness 1460) in paragraph at lines 41--41
[]\OT1/cmr/m/n/10 2|  
 []


Underfull \hbox (badness 1460) in paragraph at lines 41--41
[]\OT1/cmr/m/n/10 3|  
 []


Underfull \hbox (badness 1460) in paragraph at lines 41--41
[]\OT1/cmr/m/n/10 4|  
 []


Underfull \hbox (badness 1460) in paragraph at lines 41--41
[]\OT1/cmr/m/n/10 5|  
 []


Underfull \hbox (badness 1460) in paragraph at lines 41--41
[]\OT1/cmr/m/n/10 6|  
 []


Underfull \hbox (badness 1460) in paragraph at lines 41--41
[]\OT1/cmr/m/n/10 7|  
 []


Underfull \hbox (badness 1460) in paragraph at lines 41--41
[]\OT1/cmr/m/n/10 8|  
 []


Underfull \hbox (badness 1460) in paragraph at lines 41--41
[]\OT1/cmr/m/n/10 9|  
 []


Underfull \hbox (badness 1371) in paragraph at lines 41--41
[]\OT1/cmr/m/n/10 10|  
 []


Underfull \hbox (badness 1371) in paragraph at lines 41--41
[]\OT1/cmr/m/n/10 11|  
 []


Underfull \hbox (badness 1371) in paragraph at lines 41--41
[]\OT1/cmr/m/n/10 12|  
 []


Underfull \hbox (badness 1371) in paragraph at lines 41--41
[]\OT1/cmr/m/n/10 13|  
 []


Underfull \hbox (badness 1371) in paragraph at lines 41--41
[]\OT1/cmr/m/n/10 14|  
 []


Underfull \hbox (badness 1371) in paragraph at lines 41--41
[]\OT1/cmr/m/n/10 15|  
 []


Underfull \hbox (badness 1371) in paragraph at lines 41--41
[]\OT1/cmr/m/n/10 16|  
 []


Underfull \hbox (badness 1371) in paragraph at lines 41--41
[]\OT1/cmr/m/n/10 17|  
 []


Underfull \hbox (badness 1371) in paragraph at lines 41--41
[]\OT1/cmr/m/n/10 18|  
 []


Underfull \hbox (badness 1371) in paragraph at lines 41--41
[]\OT1/cmr/m/n/10 19|  
 []


Underfull \hbox (badness 1371) in paragraph at lines 41--41
[]\OT1/cmr/m/n/10 20|  
 []


Underfull \hbox (badness 1371) in paragraph at lines 41--41
[]\OT1/cmr/m/n/10 21|  
 []

) [2

]
\openout2 = `automation_status.aux'.

 (./automation_status.tex
PGFPlots: reading {/Users/dyb/Documents/Projects/C3S_311a_Lot2/WP2/CDM/github/t
ables/automation_status.csv}

Underfull \hbox (badness 1460) in paragraph at lines 41--41
[]\OT1/cmr/m/n/10 0|  
 []


Underfull \hbox (badness 1460) in paragraph at lines 41--41
[]\OT1/cmr/m/n/10 1|  
 []


Underfull \hbox (badness 1460) in paragraph at lines 41--41
[]\OT1/cmr/m/n/10 2|  
 []


Underfull \hbox (badness 1460) in paragraph at lines 41--41
[]\OT1/cmr/m/n/10 3|  
 []


Underfull \hbox (badness 1460) in paragraph at lines 41--41
[]\OT1/cmr/m/n/10 4|  
 []


Underfull \hbox (badness 1460) in paragraph at lines 41--41
[]\OT1/cmr/m/n/10 5|  
 []


Underfull \hbox (badness 1460) in paragraph at lines 41--41
[]\OT1/cmr/m/n/10 6|  
 []

) [3


]
\openout2 = `calibration_status.aux'.

 (./calibration_status.tex
PGFPlots: reading {/Users/dyb/Documents/Projects/C3S_311a_Lot2/WP2/CDM/github/t
ables/calibration_status.csv}

Underfull \hbox (badness 1460) in paragraph at lines 41--41
[]\OT1/cmr/m/n/10 0|  
 []


Underfull \hbox (badness 1460) in paragraph at lines 41--41
[]\OT1/cmr/m/n/10 1|  
 []


Underfull \hbox (badness 1460) in paragraph at lines 41--41
[]\OT1/cmr/m/n/10 2|  
 []


Underfull \hbox (badness 1460) in paragraph at lines 41--41
[]\OT1/cmr/m/n/10 3|  
 []

) [4


]
\openout2 = `communication_method.aux'.

 (./communication_method.tex
PGFPlots: reading {/Users/dyb/Documents/Projects/C3S_311a_Lot2/WP2/CDM/github/t
ables/communication_method.csv}

Underfull \hbox (badness 1460) in paragraph at lines 41--41
[]\OT1/cmr/m/n/10 0|  
 []


Underfull \hbox (badness 1460) in paragraph at lines 41--41
[]\OT1/cmr/m/n/10 1|  
 []


Underfull \hbox (badness 1460) in paragraph at lines 41--41
[]\OT1/cmr/m/n/10 2|  
 []


Underfull \hbox (badness 1460) in paragraph at lines 41--41
[]\OT1/cmr/m/n/10 3|  
 []


Underfull \hbox (badness 1460) in paragraph at lines 41--41
[]\OT1/cmr/m/n/10 4|  
 []


Underfull \hbox (badness 1460) in paragraph at lines 41--41
[]\OT1/cmr/m/n/10 5|  
 []


Underfull \hbox (badness 1460) in paragraph at lines 41--41
[]\OT1/cmr/m/n/10 6|  
 []


Underfull \hbox (badness 1460) in paragraph at lines 41--41
[]\OT1/cmr/m/n/10 7|  
 []


Underfull \hbox (badness 1460) in paragraph at lines 41--41
[]\OT1/cmr/m/n/10 8|  
 []


Underfull \hbox (badness 1460) in paragraph at lines 41--41
[]\OT1/cmr/m/n/10 9|  
 []


Underfull \hbox (badness 1371) in paragraph at lines 41--41
[]\OT1/cmr/m/n/10 10|  
 []


Underfull \hbox (badness 1371) in paragraph at lines 41--41
[]\OT1/cmr/m/n/10 11|  
 []


Underfull \hbox (badness 1371) in paragraph at lines 41--41
[]\OT1/cmr/m/n/10 12|  
 []


Underfull \hbox (badness 1371) in paragraph at lines 41--41
[]\OT1/cmr/m/n/10 13|  
 []


Underfull \hbox (badness 1371) in paragraph at lines 41--41
[]\OT1/cmr/m/n/10 14|  
 []


Underfull \hbox (badness 1371) in paragraph at lines 41--41
[]\OT1/cmr/m/n/10 15|  
 []


Underfull \hbox (badness 1371) in paragraph at lines 41--41
[]\OT1/cmr/m/n/10 16|  
 []


Underfull \hbox (badness 1371) in paragraph at lines 41--41
[]\OT1/cmr/m/n/10 17|  
 []


Underfull \hbox (badness 1371) in paragraph at lines 41--41
[]\OT1/cmr/m/n/10 18|  
 []


Underfull \hbox (badness 1371) in paragraph at lines 41--41
[]\OT1/cmr/m/n/10 19|  
 []


Underfull \hbox (badness 1371) in paragraph at lines 41--41
[]\OT1/cmr/m/n/10 20|  
 []


Underfull \hbox (badness 1371) in paragraph at lines 41--41
[]\OT1/cmr/m/n/10 21|  
 []


Underfull \hbox (badness 1371) in paragraph at lines 41--41
[]\OT1/cmr/m/n/10 22|  
 []


Underfull \hbox (badness 1371) in paragraph at lines 41--41
[]\OT1/cmr/m/n/10 23|  
 []


Underfull \hbox (badness 1371) in paragraph at lines 41--41
[]\OT1/cmr/m/n/10 24|  
 []


Underfull \hbox (badness 1371) in paragraph at lines 41--41
[]\OT1/cmr/m/n/10 25|  
 []


Underfull \hbox (badness 1371) in paragraph at lines 41--41
[]\OT1/cmr/m/n/10 26|  
 []


Underfull \hbox (badness 1371) in paragraph at lines 41--41
[]\OT1/cmr/m/n/10 27|  
 []


Underfull \hbox (badness 1371) in paragraph at lines 41--41
[]\OT1/cmr/m/n/10 28|  
 []


Underfull \hbox (badness 1371) in paragraph at lines 41--41
[]\OT1/cmr/m/n/10 29|  
 []


Underfull \hbox (badness 1371) in paragraph at lines 41--41
[]\OT1/cmr/m/n/10 30|  
 []

[5


]) [6]
\openout2 = `conversion_factor.aux'.

 (./conversion_factor.tex
PGFPlots: reading {/Users/dyb/Documents/Projects/C3S_311a_Lot2/WP2/CDM/github/t
ables/conversion_factor.csv}

Underfull \hbox (badness 1371) in paragraph at lines 48--48
[]\OT1/cmr/m/n/10 0|  
 []

) [7


]
\openout2 = `data_policy_licence.aux'.

 (./data_policy_licence.tex
PGFPlots: reading {/Users/dyb/Documents/Projects/C3S_311a_Lot2/WP2/CDM/github/t
ables/data_policy_licence.csv}

Underfull \hbox (badness 1371) in paragraph at lines 48--48
[]\OT1/cmr/m/n/10 1|  
 []


Underfull \hbox (badness 1371) in paragraph at lines 48--48
[]\OT1/cmr/m/n/10 2|  
 []

Missing character: There is no ‚ in font cmr10!
Missing character: There is no Ä in font cmr10!
Missing character: There is no ì in font cmr10!

Underfull \hbox (badness 1371) in paragraph at lines 48--48
[]\OT1/cmr/m/n/10 3|  
 []

Missing character: There is no ‚ in font cmr10!
Missing character: There is no Ä in font cmr10!
Missing character: There is no ú in font cmr10!
Missing character: There is no ‚ in font cmr10!
Missing character: There is no Ä in font cmr10!
Missing character: There is no ù in font cmr10!
Missing character: There is no ‚ in font cmr10!
Missing character: There is no Ä in font cmr10!
Missing character: There is no ú in font cmr10!
Missing character: There is no ‚ in font cmr10!
Missing character: There is no Ä in font cmr10!
Missing character: There is no ù in font cmr10!
Missing character: There is no ‚ in font cmr10!
Missing character: There is no Ä in font cmr10!
Missing character: There is no ì in font cmr10!
) [8


]
\openout2 = `duplicate_status.aux'.

 (./duplicate_status.tex
PGFPlots: reading {/Users/dyb/Documents/Projects/C3S_311a_Lot2/WP2/CDM/github/t
ables/duplicate_status.csv}

Underfull \hbox (badness 1460) in paragraph at lines 41--41
[]\OT1/cmr/m/n/10 0|  
 []


Underfull \hbox (badness 1460) in paragraph at lines 41--41
[]\OT1/cmr/m/n/10 1|  
 []


Underfull \hbox (badness 1460) in paragraph at lines 41--41
[]\OT1/cmr/m/n/10 2|  
 []


Underfull \hbox (badness 1460) in paragraph at lines 41--41
[]\OT1/cmr/m/n/10 3|  
 []

) [9


]
\openout2 = `events_at_station.aux'.

 (./events_at_station.tex
PGFPlots: reading {/Users/dyb/Documents/Projects/C3S_311a_Lot2/WP2/CDM/github/t
ables/events_at_station.csv}

Underfull \hbox (badness 1460) in paragraph at lines 41--41
[]\OT1/cmr/m/n/10 1|  
 []


Underfull \hbox (badness 1460) in paragraph at lines 41--41
[]\OT1/cmr/m/n/10 2|  
 []


Underfull \hbox (badness 1460) in paragraph at lines 41--41
[]\OT1/cmr/m/n/10 3|  
 []


Underfull \hbox (badness 1460) in paragraph at lines 41--41
[]\OT1/cmr/m/n/10 4|  
 []


Underfull \hbox (badness 1460) in paragraph at lines 41--41
[]\OT1/cmr/m/n/10 5|  
 []


Underfull \hbox (badness 1460) in paragraph at lines 41--41
[]\OT1/cmr/m/n/10 6|  
 []


Underfull \hbox (badness 1460) in paragraph at lines 41--41
[]\OT1/cmr/m/n/10 7|  
 []


Underfull \hbox (badness 1460) in paragraph at lines 41--41
[]\OT1/cmr/m/n/10 8|  
 []


Underfull \hbox (badness 1460) in paragraph at lines 41--41
[]\OT1/cmr/m/n/10 9|  
 []


Underfull \hbox (badness 1371) in paragraph at lines 41--41
[]\OT1/cmr/m/n/10 10|  
 []


Underfull \hbox (badness 1072) in paragraph at lines 41--41
[]\OT1/cmr/m/n/10 Flood|  
 []


Underfull \hbox (badness 1371) in paragraph at lines 41--41
[]\OT1/cmr/m/n/10 11|  
 []


Underfull \hbox (badness 1210) in paragraph at lines 41--41
[]\OT1/cmr/m/n/10 Fire|  
 []


Underfull \hbox (badness 1371) in paragraph at lines 41--41
[]\OT1/cmr/m/n/10 12|  
 []


Underfull \hbox (badness 1371) in paragraph at lines 41--41
[]\OT1/cmr/m/n/10 13|  
 []


Underfull \hbox (badness 1371) in paragraph at lines 41--41
[]\OT1/cmr/m/n/10 14|  
 []


Underfull \hbox (badness 1371) in paragraph at lines 41--41
[]\OT1/cmr/m/n/10 15|  
 []


Underfull \hbox (badness 1371) in paragraph at lines 41--41
[]\OT1/cmr/m/n/10 16|  
 []

) [10


]
\openout2 = `id_scheme.aux'.

 (./id_scheme.tex
PGFPlots: reading {/Users/dyb/Documents/Projects/C3S_311a_Lot2/WP2/CDM/github/t
ables/id_scheme.csv}

Underfull \hbox (badness 1460) in paragraph at lines 41--41
[]\OT1/cmr/m/n/10 0|  
 []


Underfull \hbox (badness 1460) in paragraph at lines 41--41
[]\OT1/cmr/m/n/10 1|  
 []


Underfull \hbox (badness 1460) in paragraph at lines 41--41
[]\OT1/cmr/m/n/10 2|  
 []


Underfull \hbox (badness 1460) in paragraph at lines 41--41
[]\OT1/cmr/m/n/10 3|  
 []


Underfull \hbox (badness 1460) in paragraph at lines 41--41
[]\OT1/cmr/m/n/10 4|  
 []


Underfull \hbox (badness 1460) in paragraph at lines 41--41
[]\OT1/cmr/m/n/10 5|  
 []


Underfull \hbox (badness 1460) in paragraph at lines 41--41
[]\OT1/cmr/m/n/10 6|  
 []


Underfull \hbox (badness 1460) in paragraph at lines 41--41
[]\OT1/cmr/m/n/10 7|  
 []


Underfull \hbox (badness 1460) in paragraph at lines 41--41
[]\OT1/cmr/m/n/10 8|  
 []


Underfull \hbox (badness 1460) in paragraph at lines 41--41
[]\OT1/cmr/m/n/10 9|  
 []


Underfull \hbox (badness 1371) in paragraph at lines 41--41
[]\OT1/cmr/m/n/10 10|  
 []


Underfull \hbox (badness 1371) in paragraph at lines 41--41
[]\OT1/cmr/m/n/10 11|  
 []


Underfull \hbox (badness 1371) in paragraph at lines 41--41
[]\OT1/cmr/m/n/10 12|  
 []


Underfull \hbox (badness 1371) in paragraph at lines 41--41
[]\OT1/cmr/m/n/10 13|  
 []


Underfull \hbox (badness 1371) in paragraph at lines 41--41
[]\OT1/cmr/m/n/10 14|  
 []

) [11


]
\openout2 = `instrument_exposure_quality.aux'.

 (./instrument_exposure_quality.tex
PGFPlots: reading {/Users/dyb/Documents/Projects/C3S_311a_Lot2/WP2/CDM/github/t
ables/instrument_exposure_quality.csv}

Underfull \hbox (badness 1460) in paragraph at lines 41--41
[]\OT1/cmr/m/n/10 1|  
 []


Underfull \hbox (badness 1460) in paragraph at lines 41--41
[]\OT1/cmr/m/n/10 2|  
 []


Underfull \hbox (badness 1460) in paragraph at lines 41--41
[]\OT1/cmr/m/n/10 3|  
 []


Underfull \hbox (badness 1460) in paragraph at lines 41--41
[]\OT1/cmr/m/n/10 4|  
 []


Underfull \hbox (badness 1460) in paragraph at lines 41--41
[]\OT1/cmr/m/n/10 5|  
 []

) [12


]
\openout2 = `location_method.aux'.

 (./location_method.tex
PGFPlots: reading {/Users/dyb/Documents/Projects/C3S_311a_Lot2/WP2/CDM/github/t
ables/location_method.csv}

Underfull \hbox (badness 1460) in paragraph at lines 41--41
[]\OT1/cmr/m/n/10 0|  
 []


Underfull \hbox (badness 1072) in paragraph at lines 41--41
[]\OT1/cmr/m/n/10 Argos|  
 []


Underfull \hbox (badness 1460) in paragraph at lines 41--41
[]\OT1/cmr/m/n/10 1|  
 []


Underfull \hbox (badness 1460) in paragraph at lines 41--41
[]\OT1/cmr/m/n/10 2|  
 []


Underfull \hbox (badness 1460) in paragraph at lines 41--41
[]\OT1/cmr/m/n/10 3|  
 []


Underfull \hbox (badness 1460) in paragraph at lines 41--41
[]\OT1/cmr/m/n/10 4|  
 []


Underfull \hbox (badness 1460) in paragraph at lines 41--41
[]\OT1/cmr/m/n/10 5|  
 []


Underfull \hbox (badness 1460) in paragraph at lines 41--41
[]\OT1/cmr/m/n/10 6|  
 []


Underfull \hbox (badness 1460) in paragraph at lines 41--41
[]\OT1/cmr/m/n/10 7|  
 []


Underfull \hbox (badness 1460) in paragraph at lines 41--41
[]\OT1/cmr/m/n/10 8|  
 []


Underfull \hbox (badness 1163) in paragraph at lines 41--41
[]\OT1/cmr/m/n/10 GPS|  
 []


Underfull \hbox (badness 1460) in paragraph at lines 41--41
[]\OT1/cmr/m/n/10 9|  
 []


Underfull \hbox (badness 1371) in paragraph at lines 41--41
[]\OT1/cmr/m/n/10 10|  
 []


Underfull \hbox (badness 1371) in paragraph at lines 41--41
[]\OT1/cmr/m/n/10 11|  
 []


Underfull \hbox (badness 1371) in paragraph at lines 41--41
[]\OT1/cmr/m/n/10 12|  
 []


Underfull \hbox (badness 1371) in paragraph at lines 41--41
[]\OT1/cmr/m/n/10 13|  
 []


Underfull \hbox (badness 1371) in paragraph at lines 41--41
[]\OT1/cmr/m/n/10 14|  
 []


Underfull \hbox (badness 1371) in paragraph at lines 41--41
[]\OT1/cmr/m/n/10 15|  
 []


Underfull \hbox (badness 1371) in paragraph at lines 41--41
[]\OT1/cmr/m/n/10 16|  
 []


Underfull \hbox (badness 1371) in paragraph at lines 41--41
[]\OT1/cmr/m/n/10 17|  
 []

) [13


] (./cdm.aux (./application_area.aux) (./automation_status.aux)
(./calibration_status.aux) (./communication_method.aux)
(./conversion_factor.aux) (./data_policy_licence.aux) (./duplicate_status.aux)
(./events_at_station.aux) (./id_scheme.aux) (./instrument_exposure_quality.aux)
(./location_method.aux))

LaTeX Warning: There were multiply-defined labels.

 ) 
Here is how much of TeX's memory you used:
 17373 strings out of 493488
 416356 string characters out of 3141326
 533191 words of memory out of 3000000
 20253 multiletter control sequences out of 15000+200000
 4553 words of font info for 17 fonts, out of 3000000 for 9000
 957 hyphenation exceptions out of 8191
 70i,6n,76p,751b,609s stack positions out of 5000i,500n,10000p,200000b,50000s
</usr/local/texlive/2012/texmf-dist/fonts/type1/public/amsfonts/cm/cmbx10.pfb
></usr/local/texlive/2012/texmf-dist/fonts/type1/public/amsfonts/cm/cmbx12.pfb>
</usr/local/texlive/2012/texmf-dist/fonts/type1/public/amsfonts/cm/cmr10.pfb>
Output written on cdm.pdf (13 pages, 56919 bytes).
PDF statistics:
 62 PDF objects out of 1000 (max. 8388607)
 43 compressed objects within 1 object stream
 0 named destinations out of 1000 (max. 500000)
 13 words of extra memory for PDF output out of 10000 (max. 10000000)

