\BOOKMARK [1][-]{section.1}{Introduction}{}% 1
\BOOKMARK [2][-]{subsection.1.1}{Purpose\040of\040this\040document}{section.1}% 2
\BOOKMARK [2][-]{subsection.1.2}{Scope}{section.1}% 3
\BOOKMARK [2][-]{subsection.1.3}{Structure\040of\040this\040document}{section.1}% 4
\BOOKMARK [1][-]{section.2}{Background\040and\040existing\040standards}{}% 5
\BOOKMARK [2][-]{subsection.2.1}{Observational\040sources\040and\040requirements\040of\040the\040data\040model}{section.2}% 6
\BOOKMARK [2][-]{subsection.2.2}{ECMWF\040Observations\040DataBase\040\(ODB\)}{section.2}% 7
\BOOKMARK [2][-]{subsection.2.3}{BUFR\040and\040WIGOS\040Metadata\040Standard}{section.2}% 8
\BOOKMARK [1][-]{section.3}{Governance\040of\040the\040Common\040Data\040Model}{}% 9
\BOOKMARK [1][-]{section.4}{Common\040Data\040Model}{}% 10
\BOOKMARK [2][-]{subsection.4.1}{Header\040table}{section.4}% 11
\BOOKMARK [2][-]{subsection.4.2}{Observations\040table}{section.4}% 12
\BOOKMARK [2][-]{subsection.4.3}{Station\040configuration}{section.4}% 13
\BOOKMARK [2][-]{subsection.4.4}{Profile\040configuration}{section.4}% 14
\BOOKMARK [2][-]{subsection.4.5}{Source\040configuration}{section.4}% 15
\BOOKMARK [2][-]{subsection.4.6}{Sensor\040configuration}{section.4}% 16
\BOOKMARK [2][-]{subsection.4.7}{Quality\040control\040flags}{section.4}% 17
\BOOKMARK [2][-]{subsection.4.8}{Uncertainty\040budget}{section.4}% 18
\BOOKMARK [2][-]{subsection.4.9}{Homogenisation\040data}{section.4}% 19
\BOOKMARK [1][-]{section.5}{References}{}% 20
\BOOKMARK [1][-]{section.6}{Appendix}{}% 21
\BOOKMARK [2][-]{subsection.6.1}{Table\040definitions}{section.6}% 22
\BOOKMARK [3][-]{subsubsection.6.1.1}{Data\040tables}{subsection.6.1}% 23
\BOOKMARK [3][-]{subsubsection.6.1.2}{Code\040tables}{subsection.6.1}% 24
\BOOKMARK [2][-]{subsection.6.2}{Code\040tables}{section.6}% 25
